#
# There is insufficient memory for the Java Runtime Environment to continue.
# Native memory allocation (malloc) failed to allocate 1806128 bytes for Chunk::new
# Possible reasons:
#   The system is out of physical RAM or swap space
#   In 32 bit mode, the process size limit was hit
# Possible solutions:
#   Reduce memory load on the system
#   Increase physical memory or swap space
#   Check if swap backing store is full
#   Use 64 bit Java on a 64 bit OS
#   Decrease Java heap size (-Xmx/-Xms)
#   Decrease number of Java threads
#   Decrease Java thread stack sizes (-Xss)
#   Set larger code cache with -XX:ReservedCodeCacheSize=
# This output file may be truncated or incomplete.
#
#  Out of Memory Error (allocation.cpp:390), pid=5940, tid=0x0000000000001c84
#
# JRE version: Java(TM) SE Runtime Environment (8.0_181-b13) (build 1.8.0_181-b13)
# Java VM: Java HotSpot(TM) 64-Bit Server VM (25.181-b13 mixed mode windows-amd64 compressed oops)
# Failed to write core dump. Minidumps are not enabled by default on client versions of Windows
#

---------------  T H R E A D  ---------------

Current thread (0x000000001672f800):  JavaThread "C2 CompilerThread1" daemon [_thread_in_native, id=7300, stack(0x0000000017d90000,0x0000000017e90000)]

Stack: [0x0000000017d90000,0x0000000017e90000]
[error occurred during error reporting (printing stack bounds), id 0xc0000005]

Native frames: (J=compiled Java code, j=interpreted, Vv=VM code, C=native code)


Current CompileTask:
C2: 120604 5936   !   4       java.net.URLClassLoader$1::run (63 bytes)


---------------  P R O C E S S  ---------------

Java Threads: ( => current thread )
  0x000000001880a000 JavaThread "File lock request listener" [_thread_in_native, id=7184, stack(0x0000000001030000,0x0000000001130000)]
  0x00000000195f4000 JavaThread "pool-1-thread-1" [_thread_blocked, id=3248, stack(0x000000001b940000,0x000000001ba40000)]
  0x000000001678e800 JavaThread "Service Thread" daemon [_thread_blocked, id=5252, stack(0x0000000018390000,0x0000000018490000)]
  0x0000000016734000 JavaThread "C1 CompilerThread2" daemon [_thread_in_native, id=7816, stack(0x0000000017e90000,0x0000000017f90000)]
=>0x000000001672f800 JavaThread "C2 CompilerThread1" daemon [_thread_in_native, id=7300, stack(0x0000000017d90000,0x0000000017e90000)]
  0x000000001672d000 JavaThread "C2 CompilerThread0" daemon [_thread_in_native, id=6656, stack(0x0000000017c90000,0x0000000017d90000)]
  0x0000000016737800 JavaThread "Attach Listener" daemon [_thread_blocked, id=7740, stack(0x0000000017b90000,0x0000000017c90000)]
  0x0000000016736800 JavaThread "Signal Dispatcher" daemon [_thread_blocked, id=1308, stack(0x0000000017a90000,0x0000000017b90000)]
  0x0000000002e8c000 JavaThread "Finalizer" daemon [_thread_blocked, id=6036, stack(0x0000000017990000,0x0000000017a90000)]
  0x00000000166f9800 JavaThread "Reference Handler" daemon [_thread_blocked, id=5332, stack(0x0000000017890000,0x0000000017990000)]
  0x0000000002c8e000 JavaThread "main" [_thread_in_Java, id=5880, stack(0x0000000002c90000,0x0000000002d90000)]

Other Threads:
  0x00000000166f8000 VMThread [stack: 0x0000000017790000,0x0000000017890000] [id=7472]
  0x0000000017fba000 WatcherThread [stack: 0x0000000018490000,0x0000000018590000] [id=7488]

VM state:not at safepoint (normal execution)

VM Mutex/Monitor currently owned by a thread: None

Heap:
 PSYoungGen      total 88064K, used 27661K [0x00000000e0800000, 0x00000000e6780000, 0x0000000100000000)
  eden space 79872K, 28% used [0x00000000e0800000,0x00000000e1dec310,0x00000000e5600000)
  from space 8192K, 63% used [0x00000000e5e00000,0x00000000e6317348,0x00000000e6600000)
  to   space 8192K, 0% used [0x00000000e5600000,0x00000000e5600000,0x00000000e5e00000)
 ParOldGen       total 50688K, used 28021K [0x00000000a1800000, 0x00000000a4980000, 0x00000000e0800000)
  object space 50688K, 55% used [0x00000000a1800000,0x00000000a335d508,0x00000000a4980000)
 Metaspace       used 50507K, capacity 51908K, committed 52096K, reserved 1093632K
  class space    used 6872K, capacity 7250K, committed 7296K, reserved 1048576K

Card table byte_map: [0x0000000012250000,0x0000000012550000] byte_map_base: 0x0000000011d44000

Marking Bits: (ParMarkBitMap*) 0x0000000072d62d00
 Begin Bits: [0x0000000012b50000, 0x00000000142f0000)
 End Bits:   [0x00000000142f0000, 0x0000000015a90000)

Polling page: 0x0000000001290000

CodeCache: size=245760Kb used=20233Kb max_used=20233Kb free=225526Kb
 bounds [0x0000000002e90000, 0x0000000004270000, 0x0000000011e90000]
 total_blobs=6481 nmethods=5738 adapters=653
 compilation: enabled

Compilation events (10 events):
Event: 120.504 Thread 0x0000000016734000 6371       3       com.google.common.collect.Sets::intersection (30 bytes)
Event: 120.505 Thread 0x0000000016734000 nmethod 6371 0x000000000422b690 code [0x000000000422b8c0, 0x000000000422c448]
Event: 120.505 Thread 0x0000000016734000 6372       3       org.gradle.model.internal.core.ModelRegistrations$Builder::withProjection (13 bytes)
Event: 120.505 Thread 0x0000000016734000 nmethod 6372 0x000000000422cc50 code [0x000000000422cdc0, 0x000000000422cfe8]
Event: 120.505 Thread 0x0000000016734000 6370       1       com.android.build.gradle.internal.pipeline.TransformStream::getContentTypes (5 bytes)
Event: 120.505 Thread 0x0000000016734000 nmethod 6370 0x000000000422d0d0 code [0x000000000422d220, 0x000000000422d330]
Event: 120.528 Thread 0x0000000016734000 6373       1       java.nio.HeapByteBuffer::_get (7 bytes)
Event: 120.528 Thread 0x0000000016734000 nmethod 6373 0x000000000422d390 code [0x000000000422d4e0, 0x000000000422d610]
Event: 120.532 Thread 0x0000000016734000 6374       3       jdk.internal.org.objectweb.asm.MethodWriter::visitCode (1 bytes)
Event: 120.532 Thread 0x0000000016734000 nmethod 6374 0x000000000422d6d0 code [0x000000000422d820, 0x000000000422d970]

GC Heap History (10 events):
Event: 92.578 GC heap before
{Heap before GC invocations=18 (full 2):
 PSYoungGen      total 42496K, used 33792K [0x00000000e0800000, 0x00000000e4a80000, 0x0000000100000000)
  eden space 33792K, 100% used [0x00000000e0800000,0x00000000e2900000,0x00000000e2900000)
  from space 8704K, 0% used [0x00000000e2900000,0x00000000e2900000,0x00000000e3180000)
  to   space 8704K, 0% used [0x00000000e4200000,0x00000000e4200000,0x00000000e4a80000)
 ParOldGen       total 50688K, used 17638K [0x00000000a1800000, 0x00000000a4980000, 0x00000000e0800000)
  object space 50688K, 34% used [0x00000000a1800000,0x00000000a2939b20,0x00000000a4980000)
 Metaspace       used 36046K, capacity 36782K, committed 37248K, reserved 1081344K
  class space    used 4955K, capacity 5233K, committed 5248K, reserved 1048576K
Event: 92.589 GC heap after
Heap after GC invocations=18 (full 2):
 PSYoungGen      total 56320K, used 4104K [0x00000000e0800000, 0x00000000e4880000, 0x0000000100000000)
  eden space 49664K, 0% used [0x00000000e0800000,0x00000000e0800000,0x00000000e3880000)
  from space 6656K, 61% used [0x00000000e4200000,0x00000000e4602078,0x00000000e4880000)
  to   space 8192K, 0% used [0x00000000e3880000,0x00000000e3880000,0x00000000e4080000)
 ParOldGen       total 50688K, used 17638K [0x00000000a1800000, 0x00000000a4980000, 0x00000000e0800000)
  object space 50688K, 34% used [0x00000000a1800000,0x00000000a2939b20,0x00000000a4980000)
 Metaspace       used 36046K, capacity 36782K, committed 37248K, reserved 1081344K
  class space    used 4955K, capacity 5233K, committed 5248K, reserved 1048576K
}
Event: 95.287 GC heap before
{Heap before GC invocations=19 (full 2):
 PSYoungGen      total 56320K, used 53768K [0x00000000e0800000, 0x00000000e4880000, 0x0000000100000000)
  eden space 49664K, 100% used [0x00000000e0800000,0x00000000e3880000,0x00000000e3880000)
  from space 6656K, 61% used [0x00000000e4200000,0x00000000e4602078,0x00000000e4880000)
  to   space 8192K, 0% used [0x00000000e3880000,0x00000000e3880000,0x00000000e4080000)
 ParOldGen       total 50688K, used 17638K [0x00000000a1800000, 0x00000000a4980000, 0x00000000e0800000)
  object space 50688K, 34% used [0x00000000a1800000,0x00000000a2939b20,0x00000000a4980000)
 Metaspace       used 40947K, capacity 41690K, committed 41984K, reserved 1085440K
  class space    used 5571K, capacity 5837K, committed 5888K, reserved 1048576K
Event: 95.313 GC heap after
Heap after GC invocations=19 (full 2):
 PSYoungGen      total 57856K, used 3445K [0x00000000e0800000, 0x00000000e5700000, 0x0000000100000000)
  eden space 49664K, 0% used [0x00000000e0800000,0x00000000e0800000,0x00000000e3880000)
  from space 8192K, 42% used [0x00000000e3880000,0x00000000e3bdd5d8,0x00000000e4080000)
  to   space 8192K, 0% used [0x00000000e4f00000,0x00000000e4f00000,0x00000000e5700000)
 ParOldGen       total 50688K, used 20678K [0x00000000a1800000, 0x00000000a4980000, 0x00000000e0800000)
  object space 50688K, 40% used [0x00000000a1800000,0x00000000a2c31b20,0x00000000a4980000)
 Metaspace       used 40947K, capacity 41690K, committed 41984K, reserved 1085440K
  class space    used 5571K, capacity 5837K, committed 5888K, reserved 1048576K
}
Event: 98.585 GC heap before
{Heap before GC invocations=20 (full 2):
 PSYoungGen      total 57856K, used 53109K [0x00000000e0800000, 0x00000000e5700000, 0x0000000100000000)
  eden space 49664K, 100% used [0x00000000e0800000,0x00000000e3880000,0x00000000e3880000)
  from space 8192K, 42% used [0x00000000e3880000,0x00000000e3bdd5d8,0x00000000e4080000)
  to   space 8192K, 0% used [0x00000000e4f00000,0x00000000e4f00000,0x00000000e5700000)
 ParOldGen       total 50688K, used 20678K [0x00000000a1800000, 0x00000000a4980000, 0x00000000e0800000)
  object space 50688K, 40% used [0x00000000a1800000,0x00000000a2c31b20,0x00000000a4980000)
 Metaspace       used 42570K, capacity 43558K, committed 43776K, reserved 1087488K
  class space    used 5778K, capacity 6091K, committed 6144K, reserved 1048576K
Event: 98.596 GC heap after
Heap after GC invocations=20 (full 2):
 PSYoungGen      total 69632K, used 4665K [0x00000000e0800000, 0x00000000e5500000, 0x0000000100000000)
  eden space 63488K, 0% used [0x00000000e0800000,0x00000000e0800000,0x00000000e4600000)
  from space 6144K, 75% used [0x00000000e4f00000,0x00000000e538e428,0x00000000e5500000)
  to   space 7680K, 0% used [0x00000000e4600000,0x00000000e4600000,0x00000000e4d80000)
 ParOldGen       total 50688K, used 21776K [0x00000000a1800000, 0x00000000a4980000, 0x00000000e0800000)
  object space 50688K, 42% used [0x00000000a1800000,0x00000000a2d441e0,0x00000000a4980000)
 Metaspace       used 42570K, capacity 43558K, committed 43776K, reserved 1087488K
  class space    used 5778K, capacity 6091K, committed 6144K, reserved 1048576K
}
Event: 118.811 GC heap before
{Heap before GC invocations=21 (full 2):
 PSYoungGen      total 69632K, used 68153K [0x00000000e0800000, 0x00000000e5500000, 0x0000000100000000)
  eden space 63488K, 100% used [0x00000000e0800000,0x00000000e4600000,0x00000000e4600000)
  from space 6144K, 75% used [0x00000000e4f00000,0x00000000e538e428,0x00000000e5500000)
  to   space 7680K, 0% used [0x00000000e4600000,0x00000000e4600000,0x00000000e4d80000)
 ParOldGen       total 50688K, used 21776K [0x00000000a1800000, 0x00000000a4980000, 0x00000000e0800000)
  object space 50688K, 42% used [0x00000000a1800000,0x00000000a2d441e0,0x00000000a4980000)
 Metaspace       used 46939K, capacity 48008K, committed 48256K, reserved 1091584K
  class space    used 6354K, capacity 6688K, committed 6784K, reserved 1048576K
Event: 118.827 GC heap after
Heap after GC invocations=21 (full 2):
 PSYoungGen      total 71168K, used 7034K [0x00000000e0800000, 0x00000000e6600000, 0x0000000100000000)
  eden space 63488K, 0% used [0x00000000e0800000,0x00000000e0800000,0x00000000e4600000)
  from space 7680K, 91% used [0x00000000e4600000,0x00000000e4cde9f0,0x00000000e4d80000)
  to   space 8192K, 0% used [0x00000000e5e00000,0x00000000e5e00000,0x00000000e6600000)
 ParOldGen       total 50688K, used 24527K [0x00000000a1800000, 0x00000000a4980000, 0x00000000e0800000)
  object space 50688K, 48% used [0x00000000a1800000,0x00000000a2ff3f68,0x00000000a4980000)
 Metaspace       used 46939K, capacity 48008K, committed 48256K, reserved 1091584K
  class space    used 6354K, capacity 6688K, committed 6784K, reserved 1048576K
}
Event: 120.251 GC heap before
{Heap before GC invocations=22 (full 2):
 PSYoungGen      total 71168K, used 70522K [0x00000000e0800000, 0x00000000e6600000, 0x0000000100000000)
  eden space 63488K, 100% used [0x00000000e0800000,0x00000000e4600000,0x00000000e4600000)
  from space 7680K, 91% used [0x00000000e4600000,0x00000000e4cde9f0,0x00000000e4d80000)
  to   space 8192K, 0% used [0x00000000e5e00000,0x00000000e5e00000,0x00000000e6600000)
 ParOldGen       total 50688K, used 24527K [0x00000000a1800000, 0x00000000a4980000, 0x00000000e0800000)
  object space 50688K, 48% used [0x00000000a1800000,0x00000000a2ff3f68,0x00000000a4980000)
 Metaspace       used 50093K, capacity 51466K, committed 51840K, reserved 1093632K
  class space    used 6823K, capacity 7189K, committed 7296K, reserved 1048576K
Event: 120.286 GC heap after
Heap after GC invocations=22 (full 2):
 PSYoungGen      total 88064K, used 5212K [0x00000000e0800000, 0x00000000e6780000, 0x0000000100000000)
  eden space 79872K, 0% used [0x00000000e0800000,0x00000000e0800000,0x00000000e5600000)
  from space 8192K, 63% used [0x00000000e5e00000,0x00000000e6317348,0x00000000e6600000)
  to   space 8192K, 0% used [0x00000000e5600000,0x00000000e5600000,0x00000000e5e00000)
 ParOldGen       total 50688K, used 28021K [0x00000000a1800000, 0x00000000a4980000, 0x00000000e0800000)
  object space 50688K, 55% used [0x00000000a1800000,0x00000000a335d508,0x00000000a4980000)
 Metaspace       used 50093K, capacity 51466K, committed 51840K, reserved 1093632K
  class space    used 6823K, capacity 7189K, committed 7296K, reserved 1048576K
}

Deoptimization events (10 events):
Event: 119.444 Thread 0x0000000002c8e000 Uncommon trap: reason=predicate action=maybe_recompile pc=0x0000000003a20b64 method=java.util.Arrays.binarySearch0([Ljava/lang/Object;IILjava/lang/Object;Ljava/util/Comparator;)I @ 28
Event: 119.980 Thread 0x0000000002c8e000 Uncommon trap: reason=unstable_if action=reinterpret pc=0x0000000004061bb4 method=org.objectweb.asm.Type.getType(Ljava/lang/Class;)Lorg/objectweb/asm/Type; @ 33
Event: 119.980 Thread 0x0000000002c8e000 Uncommon trap: reason=unstable_if action=reinterpret pc=0x00000000037de5b0 method=org.objectweb.asm.Type.getArgumentsAndReturnSizes(Ljava/lang/String;)I @ 47
Event: 119.980 Thread 0x0000000002c8e000 Uncommon trap: reason=unstable_if action=reinterpret pc=0x00000000040b8e54 method=org.objectweb.asm.Type.getArgumentsAndReturnSizes(Ljava/lang/String;)I @ 47
Event: 119.980 Thread 0x0000000002c8e000 Uncommon trap: reason=unstable_if action=reinterpret pc=0x00000000040bcad4 method=org.objectweb.asm.Type.getArgumentsAndReturnSizes(Ljava/lang/String;)I @ 136
Event: 120.092 Thread 0x0000000002c8e000 Uncommon trap: reason=unstable_if action=reinterpret pc=0x0000000003256810 method=java.util.TreeMap.put(Ljava/lang/Object;Ljava/lang/Object;)Ljava/lang/Object; @ 163
Event: 120.105 Thread 0x0000000002c8e000 Uncommon trap: reason=unstable_if action=reinterpret pc=0x00000000040b09b4 method=org.gradle.api.internal.project.taskfactory.AnnotationProcessingTaskFactory$Validator.attachValidationAction(Lorg/gradle/api/internal/project/taskfactory/PropertyAnnotationH
Event: 120.150 Thread 0x0000000002c8e000 Uncommon trap: reason=unstable_if action=reinterpret pc=0x0000000003047cb0 method=org.gradle.api.internal.ConventionAwareHelper.getConventionValue(Ljava/lang/Object;Ljava/lang/String;Z)Ljava/lang/Object; @ 19
Event: 120.426 Thread 0x0000000002c8e000 Uncommon trap: reason=unstable_if action=reinterpret pc=0x00000000041e5078 method=com.esotericsoftware.kryo.io.Output.writeByte(B)V @ 8
Event: 120.503 Thread 0x0000000002c8e000 Uncommon trap: reason=unstable_if action=reinterpret pc=0x0000000003f569a4 method=java.io.WinNTFileSystem.prefixLength(Ljava/lang/String;)I @ 11

Classes redefined (0 events):
No events

Internal exceptions (10 events):
Event: 119.464 Thread 0x0000000002c8e000 Exception <a 'java/lang/ClassNotFoundException': org/gradle/api/tasks/bundling/Jar_DecoratedCustomizer> (0x00000000e2770e58) thrown at [C:\re\workspace\8-2-build-windows-amd64-cygwin\jdk8u181\11358\hotspot\src\share\vm\classfile\systemDictionary.cpp, line
Event: 119.500 Thread 0x0000000002c8e000 Exception <a 'java/lang/ClassNotFoundException': com/android/build/gradle/tasks/NdkCompile_DecoratedBeanInfo> (0x00000000e2956198) thrown at [C:\re\workspace\8-2-build-windows-amd64-cygwin\jdk8u181\11358\hotspot\src\share\vm\classfile\systemDictionary.cpp
Event: 119.500 Thread 0x0000000002c8e000 Exception <a 'java/lang/ClassNotFoundException': com/android/build/gradle/tasks/NdkCompileBeanInfo> (0x00000000e2967b28) thrown at [C:\re\workspace\8-2-build-windows-amd64-cygwin\jdk8u181\11358\hotspot\src\share\vm\classfile\systemDictionary.cpp, line 210
Event: 119.501 Thread 0x0000000002c8e000 Exception <a 'java/lang/ClassNotFoundException': com/android/build/gradle/tasks/NdkCompileCustomizer> (0x00000000e2979f58) thrown at [C:\re\workspace\8-2-build-windows-amd64-cygwin\jdk8u181\11358\hotspot\src\share\vm\classfile\systemDictionary.cpp, line 2
Event: 119.503 Thread 0x0000000002c8e000 Exception <a 'java/lang/ClassNotFoundException': com/android/build/gradle/tasks/NdkCompile_DecoratedCustomizer> (0x00000000e29b95e0) thrown at [C:\re\workspace\8-2-build-windows-amd64-cygwin\jdk8u181\11358\hotspot\src\share\vm\classfile\systemDictionary.c
Event: 120.463 Thread 0x0000000002c8e000 Exception <a 'java/lang/ClassNotFoundException': com/android/build/gradle/tasks/ProcessTestManifest_DecoratedBeanInfo> (0x00000000e15eaec8) thrown at [C:\re\workspace\8-2-build-windows-amd64-cygwin\jdk8u181\11358\hotspot\src\share\vm\classfile\systemDicti
Event: 120.464 Thread 0x0000000002c8e000 Exception <a 'java/lang/ClassNotFoundException': com/android/build/gradle/tasks/ProcessTestManifestBeanInfo> (0x00000000e15fe170) thrown at [C:\re\workspace\8-2-build-windows-amd64-cygwin\jdk8u181\11358\hotspot\src\share\vm\classfile\systemDictionary.cpp,
Event: 120.465 Thread 0x0000000002c8e000 Exception <a 'java/lang/ClassNotFoundException': com/android/build/gradle/tasks/ProcessTestManifestCustomizer> (0x00000000e1611cb0) thrown at [C:\re\workspace\8-2-build-windows-amd64-cygwin\jdk8u181\11358\hotspot\src\share\vm\classfile\systemDictionary.cp
Event: 120.467 Thread 0x0000000002c8e000 Exception <a 'java/lang/ClassNotFoundException': com/android/build/gradle/tasks/ProcessTestManifest_DecoratedCustomizer> (0x00000000e1660c00) thrown at [C:\re\workspace\8-2-build-windows-amd64-cygwin\jdk8u181\11358\hotspot\src\share\vm\classfile\systemDic
Event: 120.536 Thread 0x0000000002c8e000 Exception <a 'java/lang/ClassNotFoundException': com/android/build/gradle/tasks/PackageApplication_DecoratedBeanInfo> (0x00000000e1935f18) thrown at [C:\re\workspace\8-2-build-windows-amd64-cygwin\jdk8u181\11358\hotspot\src\share\vm\classfile\systemDictio

Events (10 events):
Event: 120.532 loading class groovy/runtime/metaclass/com/android/build/gradle/tasks/PackageApplication_DecoratedMetaClass
Event: 120.532 loading class groovy/runtime/metaclass/com/android/build/gradle/tasks/PackageApplication_DecoratedMetaClass done
Event: 120.535 loading class com/android/build/gradle/tasks/PackageApplication_DecoratedBeanInfo
Event: 120.535 loading class com/android/build/gradle/tasks/PackageApplication_DecoratedBeanInfo done
Event: 120.536 loading class com/android/build/gradle/tasks/PackageApplication_DecoratedBeanInfo
Event: 120.536 loading class com/android/build/gradle/tasks/PackageApplication_DecoratedBeanInfo done
Event: 120.536 loading class com/android/build/gradle/tasks/PackageApplication_DecoratedBeanInfo
Event: 120.536 loading class com/android/build/gradle/tasks/PackageApplication_DecoratedBeanInfo done
Event: 120.536 loading class com/android/build/gradle/tasks/PackageApplicationBeanInfo
Event: 120.536 loading class com/android/build/gradle/tasks/PackageApplicationBeanInfo done


Dynamic libraries:
0x00007ff746fe0000 - 0x00007ff747017000 	C:\Program Files\Java\jdk1.8.0_181\bin\java.exe
0x00007ffcf3e30000 - 0x00007ffcf3ff2000 	C:\WINDOWS\SYSTEM32\ntdll.dll
0x00007ffcf19b0000 - 0x00007ffcf1a5d000 	C:\WINDOWS\system32\KERNEL32.DLL
0x00007ffcf1200000 - 0x00007ffcf13dd000 	C:\WINDOWS\system32\KERNELBASE.dll
0x00007ffcf3970000 - 0x00007ffcf3a16000 	C:\WINDOWS\system32\ADVAPI32.dll
0x00007ffcf3540000 - 0x00007ffcf35dd000 	C:\WINDOWS\system32\msvcrt.dll
0x00007ffcf3470000 - 0x00007ffcf34cb000 	C:\WINDOWS\system32\sechost.dll
0x00007ffcf3840000 - 0x00007ffcf3966000 	C:\WINDOWS\system32\RPCRT4.dll
0x00007ffcf32c0000 - 0x00007ffcf340e000 	C:\WINDOWS\system32\USER32.dll
0x00007ffcf35e0000 - 0x00007ffcf3763000 	C:\WINDOWS\system32\GDI32.dll
0x00007ffce56f0000 - 0x00007ffce5964000 	C:\WINDOWS\WinSxS\amd64_microsoft.windows.common-controls_6595b64144ccf1df_6.0.10240.17184_none_f41d7a705752bce6\COMCTL32.dll
0x00007ffcf3df0000 - 0x00007ffcf3e26000 	C:\WINDOWS\system32\IMM32.DLL
0x00007ffcf1700000 - 0x00007ffcf185c000 	C:\WINDOWS\system32\MSCTF.dll
0x0000000072df0000 - 0x0000000072ec2000 	C:\Program Files\Java\jdk1.8.0_181\jre\bin\msvcr100.dll
0x0000000072540000 - 0x0000000072de2000 	C:\Program Files\Java\jdk1.8.0_181\jre\bin\server\jvm.dll
0x00007ffcf1d80000 - 0x00007ffcf1d88000 	C:\WINDOWS\system32\PSAPI.DLL
0x00007ffceeeb0000 - 0x00007ffceeed3000 	C:\WINDOWS\SYSTEM32\WINMM.dll
0x00007ffceee80000 - 0x00007ffceeeac000 	C:\WINDOWS\SYSTEM32\WINMMBASE.dll
0x00007ffcf14a0000 - 0x00007ffcf14e4000 	C:\WINDOWS\system32\cfgmgr32.dll
0x00007ffcef130000 - 0x00007ffcef157000 	C:\WINDOWS\SYSTEM32\DEVOBJ.dll
0x00007ffcee250000 - 0x00007ffcee25a000 	C:\WINDOWS\SYSTEM32\VERSION.dll
0x00007ffcecac0000 - 0x00007ffcecac9000 	C:\WINDOWS\SYSTEM32\WSOCK32.dll
0x00007ffcf34d0000 - 0x00007ffcf3539000 	C:\WINDOWS\system32\WS2_32.dll
0x00007ffcf1890000 - 0x00007ffcf1898000 	C:\WINDOWS\system32\NSI.dll
0x0000000072530000 - 0x000000007253f000 	C:\Program Files\Java\jdk1.8.0_181\jre\bin\verify.dll
0x0000000072500000 - 0x0000000072529000 	C:\Program Files\Java\jdk1.8.0_181\jre\bin\java.dll
0x00000000724e0000 - 0x00000000724f6000 	C:\Program Files\Java\jdk1.8.0_181\jre\bin\zip.dll
0x00007ffcf1d90000 - 0x00007ffcf32b3000 	C:\WINDOWS\system32\SHELL32.dll
0x00007ffcf0950000 - 0x00007ffcf0f79000 	C:\WINDOWS\system32\windows.storage.dll
0x00007ffcf3a20000 - 0x00007ffcf3c9c000 	C:\WINDOWS\system32\combase.dll
0x00007ffcf14f0000 - 0x00007ffcf1541000 	C:\WINDOWS\system32\shlwapi.dll
0x00007ffcf08c0000 - 0x00007ffcf08cf000 	C:\WINDOWS\system32\kernel.appcore.dll
0x00007ffcf13e0000 - 0x00007ffcf1493000 	C:\WINDOWS\system32\shcore.dll
0x00007ffcf0850000 - 0x00007ffcf089a000 	C:\WINDOWS\system32\powrprof.dll
0x00007ffcf08a0000 - 0x00007ffcf08b3000 	C:\WINDOWS\system32\profapi.dll
0x00000000724c0000 - 0x00000000724da000 	C:\Program Files\Java\jdk1.8.0_181\jre\bin\net.dll
0x00007ffcf0060000 - 0x00007ffcf00bd000 	C:\WINDOWS\system32\mswsock.dll
0x00000000724a0000 - 0x00000000724b1000 	C:\Program Files\Java\jdk1.8.0_181\jre\bin\nio.dll
0x00007ffce3d00000 - 0x00007ffce3d12000 	C:\Users\Iruene Adokiye\.gradle\native\19\windows-amd64\native-platform.dll
0x0000000180000000 - 0x0000000180037000 	C:\Users\Iruene Adokiye\.gradle\native\jna\win32-amd64\jnidispatch.dll
0x00007ffcf00c0000 - 0x00007ffcf00d7000 	C:\WINDOWS\SYSTEM32\CRYPTSP.dll
0x00007ffcf0780000 - 0x00007ffcf07a8000 	C:\WINDOWS\SYSTEM32\bcrypt.dll
0x00007ffcefd10000 - 0x00007ffcefd43000 	C:\WINDOWS\system32\rsaenh.dll
0x00007ffcefeb0000 - 0x00007ffcefecf000 	C:\WINDOWS\SYSTEM32\USERENV.dll
0x00007ffcf0610000 - 0x00007ffcf067b000 	C:\WINDOWS\system32\bcryptprimitives.dll
0x00007ffcf0230000 - 0x00007ffcf023b000 	C:\WINDOWS\SYSTEM32\CRYPTBASE.dll
0x00007ffcedb50000 - 0x00007ffcedb88000 	C:\WINDOWS\SYSTEM32\IPHLPAPI.DLL
0x00007ffcedbe0000 - 0x00007ffcedbeb000 	C:\WINDOWS\SYSTEM32\WINNSI.DLL
0x00007ffced850000 - 0x00007ffced866000 	C:\WINDOWS\SYSTEM32\dhcpcsvc6.DLL
0x00007ffcedaa0000 - 0x00007ffcedaba000 	C:\WINDOWS\SYSTEM32\dhcpcsvc.DLL
0x0000000072490000 - 0x000000007249d000 	C:\Program Files\Java\jdk1.8.0_181\jre\bin\management.dll
0x0000000072460000 - 0x0000000072484000 	C:\Program Files\Java\jdk1.8.0_181\jre\bin\sunec.dll
0x00007ffcefe00000 - 0x00007ffcefea8000 	C:\WINDOWS\SYSTEM32\DNSAPI.dll
0x00007ffce7210000 - 0x00007ffce721a000 	C:\Windows\System32\rasadhlp.dll
0x00007ffceaf20000 - 0x00007ffceaf88000 	C:\WINDOWS\System32\fwpuclnt.dll
0x0000000072450000 - 0x000000007245b000 	C:\Program Files\Java\jdk1.8.0_181\jre\bin\sunmscapi.dll
0x00007ffcf0f80000 - 0x00007ffcf1141000 	C:\WINDOWS\system32\CRYPT32.dll
0x00007ffcf08d0000 - 0x00007ffcf08e1000 	C:\WINDOWS\system32\MSASN1.dll

VM Arguments:
jvm_args: -Dorg.gradle.appname=gradlew 
java_command: org.gradle.wrapper.GradleWrapperMain installDebug
java_class_path (initial): C:\KalewoApp\android\\gradle\wrapper\gradle-wrapper.jar
Launcher Type: SUN_STANDARD

Environment Variables:
JAVA_HOME=C:\Program Files\Java\jdk1.8.0_181
JRE_HOME=C:\Program Files\Java\jre1.8.0_181
CLASSPATH=C:\KalewoApp\android\\gradle\wrapper\gradle-wrapper.jar
PATH=C:\Program Files (x86)\Common Files\Oracle\Java\javapath;C:\WINDOWS\system32;C:\WINDOWS;C:\WINDOWS\System32\Wbem;C:\WINDOWS\System32\WindowsPowerShell\v1.0\;C:\xampp\php;C:\composer;C:\Program Files\nodejs\;C:\Program Files\Microsoft VS Code\bin;C:\Program Files (x86)\Yarn\bin\;C:\Users\Iruene Adokiye\AppData\Local\Programs\Python\Python37-32\Scripts\;C:\Users\Iruene Adokiye\AppData\Local\Programs\Python\Python37-32\;C:\Users\Iruene Adokiye\AppData\Roaming\Composer\vendor\bin;C:\Users\Iruene Adokiye\AppData\Roaming\npm;C:\Program Files\nodejs\;C:\Users\Iruene Adokiye\AppData\Local\Yarn\bin
USERNAME=Iruene Adokiye
OS=Windows_NT
PROCESSOR_IDENTIFIER=Intel64 Family 6 Model 58 Stepping 9, GenuineIntel



---------------  S Y S T E M  ---------------

OS: Windows 10.0 , 64 bit Build 10240 (10.0.10240.17113)

CPU:total 4 (initial active 4) (2 cores per cpu, 2 threads per core) family 6 model 58 stepping 9, cmov, cx8, fxsr, mmx, sse, sse2, sse3, ssse3, sse4.1, sse4.2, popcnt, avx, aes, clmul, erms, ht, tsc, tscinvbit, tscinv

Memory: 4k page, physical 6187372k(348980k free), swap 14517188k(5992k free)

vm_info: Java HotSpot(TM) 64-Bit Server VM (25.181-b13) for windows-amd64 JRE (1.8.0_181-b13), built on Jul  7 2018 04:01:33 by "java_re" with MS VC++ 10.0 (VS2010)

time: Mon Mar 25 15:34:22 2019
elapsed time: 120 seconds (0d 0h 2m 0s)

